<?xml version="1.0" encoding="UTF-8"?>
<!-- Generated by org.testng.reporters.JUnitXMLReporter -->
<testsuite hostname="Lenovo-PC" name="FF SIT Test" tests="1" failures="0" timestamp="11 Aug 2019 01:11:45 GMT" time="0.017" errors="0">
  <testcase name="@BeforeMethod config" time="0.0" classname="in.amazon.selenium.testcases.TC001">
    <failure type="java.lang.NullPointerException">
      <![CDATA[java.lang.NullPointerException
	at in.amazon.selenium.commons.OpenBrowser.browserOpen(OpenBrowser.java:43)
	at in.amazon.selenium.testcases.TC001.config(TC001.java:48)
... Removed 26 stack frames]]>
    </failure>
  </testcase> <!-- @BeforeMethod config -->
  <testcase name="@AfterMethod configend" time="0.0" classname="in.amazon.selenium.testcases.TC001">
    <skipped/>
  </testcase> <!-- @AfterMethod configend -->
  <testcase name="TC001" time="0.001" classname="in.amazon.selenium.testcases.TC001">
    <skipped/>
  </testcase> <!-- TC001 -->
</testsuite> <!-- FF SIT Test -->
